[main] 2021-07-16 00:42:17 INFO  com.bank.main.Bank_Thor_Main  - Welcome to ThorBankingApp V1.0
[main] 2021-07-16 00:42:17 INFO  com.bank.main.Bank_Thor_Main  - ==================================
[main] 2021-07-16 00:42:17 INFO  com.bank.main.Bank_Thor_Main  - 
Product Menu
[main] 2021-07-16 00:42:17 INFO  com.bank.main.Bank_Thor_Main  - 1)Create Account
[main] 2021-07-16 00:42:17 INFO  com.bank.main.Bank_Thor_Main  - 2)Login into your Account
[main] 2021-07-16 00:42:17 INFO  com.bank.main.Bank_Thor_Main  - 3)EXIT
[main] 2021-07-16 00:42:17 INFO  com.bank.main.Bank_Thor_Main  - Enter your Choice 1-3
[main] 2021-07-16 00:42:22 INFO  com.bank.main.Bank_Thor_Main  - Welcome Login Portal
press 1 for Customer Login
press 2 for Employee Login
press 3 for MainMenu
press 4 to exit Application
[main] 2021-07-16 00:42:24 INFO  com.bank.main.Bank_Thor_Main  - Enter EployeeId => 
[main] 2021-07-16 00:42:26 WARN  com.bank.main.Bank_Thor_Main  - Invalid UserId or Password 
[main] 2021-07-16 00:44:43 INFO  com.bank.main.Bank_Thor_Main  - Welcome to ThorBankingApp V1.0
[main] 2021-07-16 00:44:43 INFO  com.bank.main.Bank_Thor_Main  - ==================================
[main] 2021-07-16 00:44:43 INFO  com.bank.main.Bank_Thor_Main  - 
Product Menu
[main] 2021-07-16 00:44:43 INFO  com.bank.main.Bank_Thor_Main  - 1)Create Account
[main] 2021-07-16 00:44:43 INFO  com.bank.main.Bank_Thor_Main  - 2)Login into your Account
[main] 2021-07-16 00:44:43 INFO  com.bank.main.Bank_Thor_Main  - 3)EXIT
[main] 2021-07-16 00:44:43 INFO  com.bank.main.Bank_Thor_Main  - Enter your Choice 1-3
[main] 2021-07-16 00:44:46 INFO  com.bank.main.Bank_Thor_Main  - Welcome Login Portal
press 1 for Customer Login
press 2 for Employee Login
press 3 for MainMenu
press 4 to exit Application
[main] 2021-07-16 00:44:47 INFO  com.bank.main.Bank_Thor_Main  - Enter EployeeId => 
[main] 2021-07-16 00:44:48 WARN  com.bank.main.Bank_Thor_Main  - Invalid UserId or Password 
[main] 2021-07-16 00:44:48 INFO  com.bank.main.Bank_Thor_Main  - 1)To View All the Accounts
[main] 2021-07-16 00:44:48 INFO  com.bank.main.Bank_Thor_Main  - 2)To Approve Account
[main] 2021-07-16 00:44:48 INFO  com.bank.main.Bank_Thor_Main  - 3)LogOut
[main] 2021-07-16 00:45:33 INFO  com.bank.main.Bank_Thor_Main  - Welcome to ThorBankingApp V1.0
[main] 2021-07-16 00:45:33 INFO  com.bank.main.Bank_Thor_Main  - ==================================
[main] 2021-07-16 00:45:33 INFO  com.bank.main.Bank_Thor_Main  - 
Product Menu
[main] 2021-07-16 00:45:33 INFO  com.bank.main.Bank_Thor_Main  - 1)Create Account
[main] 2021-07-16 00:45:33 INFO  com.bank.main.Bank_Thor_Main  - 2)Login into your Account
[main] 2021-07-16 00:45:33 INFO  com.bank.main.Bank_Thor_Main  - 3)EXIT
[main] 2021-07-16 00:45:33 INFO  com.bank.main.Bank_Thor_Main  - Enter your Choice 1-3
[main] 2021-07-16 00:45:36 INFO  com.bank.main.Bank_Thor_Main  - Welcome Login Portal
press 1 for Customer Login
press 2 for Employee Login
press 3 for MainMenu
press 4 to exit Application
[main] 2021-07-16 00:45:37 INFO  com.bank.main.Bank_Thor_Main  - Enter EployeeId => 
[main] 2021-07-16 00:45:38 WARN  com.bank.main.Bank_Thor_Main  - Invalid UserId or Password 
[main] 2021-07-16 00:45:38 INFO  com.bank.main.Bank_Thor_Main  - Welcome Login Portal
press 1 for Customer Login
press 2 for Employee Login
press 3 for MainMenu
press 4 to exit Application
[main] 2021-07-16 00:45:50 INFO  com.bank.main.Bank_Thor_Main  - Enter UserId => 
[main] 2021-07-16 00:45:51 WARN  com.bank.main.Bank_Thor_Main  - User Id not Exists
[main] 2021-07-16 00:45:51 INFO  com.bank.main.Bank_Thor_Main  - Welcome Login Portal
press 1 for Customer Login
press 2 for Employee Login
press 3 for MainMenu
press 4 to exit Application
[main] 2021-07-16 00:46:18 INFO  com.bank.main.Bank_Thor_Main  - Enter EployeeId => 
[main] 2021-07-16 00:46:23 INFO  com.bank.main.Bank_Thor_Main  - Enter Password => 
[main] 2021-07-16 00:46:27 INFO  com.bank.main.Bank_Thor_Main  - 

[main] 2021-07-16 00:46:27 INFO  com.bank.main.Bank_Thor_Main  - Hello mohan_2575
[main] 2021-07-16 00:46:27 INFO  com.bank.main.Bank_Thor_Main  - Welcome to Thor Bank
[main] 2021-07-16 00:46:27 INFO  com.bank.main.Bank_Thor_Main  - You have successfully logged in 
[main] 2021-07-16 00:46:27 INFO  com.bank.main.Bank_Thor_Main  - entered employee login portal
[main] 2021-07-16 00:46:27 INFO  com.bank.main.Bank_Thor_Main  - 1)To View All the Accounts
[main] 2021-07-16 00:46:27 INFO  com.bank.main.Bank_Thor_Main  - 2)To Approve Account
[main] 2021-07-16 00:46:27 INFO  com.bank.main.Bank_Thor_Main  - 3)LogOut
[main] 2021-07-16 00:46:31 INFO  com.bank.main.Bank_Thor_Main  - Account [name=mohan, accountNumber=1, panCard=pan, openingBalance=500.0, userId1=8977]
[main] 2021-07-16 00:46:31 INFO  com.bank.main.Bank_Thor_Main  - Account [name=1, accountNumber=123, panCard=BGEPT4326F, openingBalance=123.0, userId1=8977]
[main] 2021-07-16 00:46:31 INFO  com.bank.main.Bank_Thor_Main  - Account [name=jai, accountNumber=438475648938, panCard=BIEAP4326F, openingBalance=1500.0, userId1=8977]
[main] 2021-07-16 00:46:31 INFO  com.bank.main.Bank_Thor_Main  - Account [name=krishna, accountNumber=37024270001, panCard=ADCBE8888G, openingBalance=10000.0, userId1=mgkk]
[main] 2021-07-16 00:46:31 INFO  com.bank.main.Bank_Thor_Main  - Account [name=sai, accountNumber=37024270000, panCard=hdfhdf, openingBalance=5500.0, userId1=28368987]
[main] 2021-07-16 00:46:31 INFO  com.bank.main.Bank_Thor_Main  - Account [name=aap, accountNumber=37024270003, panCard=AAPLE9999A, openingBalance=10000.0, userId1=apple]
[main] 2021-07-16 00:46:31 INFO  com.bank.main.Bank_Thor_Main  - Account [name=aap, accountNumber=37024270004, panCard=AAPLE8888A, openingBalance=1290.0, userId1=apple]
[main] 2021-07-16 00:46:31 INFO  com.bank.main.Bank_Thor_Main  - Account [name=apple, accountNumber=37024270002, panCard=APPLE9999A, openingBalance=4692.0, userId1=apple]
[main] 2021-07-16 00:46:31 INFO  com.bank.main.Bank_Thor_Main  - Thankyou for using Thor Banking Services
[main] 2021-07-16 00:46:31 INFO  com.bank.main.Bank_Thor_Main  - 1)To View All the Accounts
[main] 2021-07-16 00:46:31 INFO  com.bank.main.Bank_Thor_Main  - 2)To Approve Account
[main] 2021-07-16 00:46:31 INFO  com.bank.main.Bank_Thor_Main  - 3)LogOut
[main] 2021-07-16 00:48:00 INFO  com.bank.main.Bank_Thor_Main  - Thank you for using Thor Banking Services.  Goodbye....!
[main] 2021-07-16 00:48:00 INFO  com.bank.main.Bank_Thor_Main  - May Thor be With You :)
[main] 2021-07-16 00:48:00 INFO  com.bank.main.Bank_Thor_Main  - Successfully logged out of Thor Bank
[main] 2021-07-16 00:52:03 INFO  com.bank.main.Bank_Thor_Main  - Welcome to ThorBankingApp V1.0
[main] 2021-07-16 00:52:03 INFO  com.bank.main.Bank_Thor_Main  - ==================================
[main] 2021-07-16 00:52:03 INFO  com.bank.main.Bank_Thor_Main  - 
Product Menu
[main] 2021-07-16 00:52:03 INFO  com.bank.main.Bank_Thor_Main  - 1)Create Account
[main] 2021-07-16 00:52:03 INFO  com.bank.main.Bank_Thor_Main  - 2)Login into your Account
[main] 2021-07-16 00:52:03 INFO  com.bank.main.Bank_Thor_Main  - 3)EXIT
[main] 2021-07-16 00:52:03 INFO  com.bank.main.Bank_Thor_Main  - Enter your Choice 1-3
[main] 2021-07-16 00:52:09 INFO  com.bank.main.Bank_Thor_Main  - Welcome Login Portal
press 1 for Customer Login
press 2 for Employee Login
press 3 for MainMenu
press 4 to exit Application
[main] 2021-07-16 00:52:11 INFO  com.bank.main.Bank_Thor_Main  - Enter EployeeId => 
[main] 2021-07-16 00:52:16 INFO  com.bank.main.Bank_Thor_Main  - Enter Password => 
[main] 2021-07-16 00:52:19 INFO  com.bank.main.Bank_Thor_Main  - 

[main] 2021-07-16 00:52:19 INFO  com.bank.main.Bank_Thor_Main  - Hello mohan_2575
[main] 2021-07-16 00:52:19 INFO  com.bank.main.Bank_Thor_Main  - Welcome to Thor Bank
[main] 2021-07-16 00:52:19 INFO  com.bank.main.Bank_Thor_Main  - You have successfully logged in 
[main] 2021-07-16 00:52:19 INFO  com.bank.main.Bank_Thor_Main  - entered employee login portal
[main] 2021-07-16 00:52:19 INFO  com.bank.main.Bank_Thor_Main  - 1)To View All the Accounts
[main] 2021-07-16 00:52:19 INFO  com.bank.main.Bank_Thor_Main  - 2)To Approve Account
[main] 2021-07-16 00:52:19 INFO  com.bank.main.Bank_Thor_Main  - 3)To View Registered Customers
[main] 2021-07-16 00:52:19 INFO  com.bank.main.Bank_Thor_Main  - 4)LogOut
[main] 2021-07-16 00:52:32 INFO  com.bank.main.Bank_Thor_Main  - Customer [firstName=mohan, lastName=kumar, emailId=mohantulabandhu@gmail.com, mobileNumber=9963296630, userId=28368987, password=null]
[main] 2021-07-16 00:52:32 INFO  com.bank.main.Bank_Thor_Main  - Customer [firstName=mohan, lastName=kumar, emailId=mohantulabandhu@gmail.com, mobileNumber=9963296630, userId=56778989, password=null]
[main] 2021-07-16 00:52:32 INFO  com.bank.main.Bank_Thor_Main  - Customer [firstName=1, lastName=1, emailId=1, mobileNumber=1, userId=mgkk, password=null]
[main] 2021-07-16 00:52:32 INFO  com.bank.main.Bank_Thor_Main  - Customer [firstName=jay, lastName=chandra, emailId=jsai@gmail.com, mobileNumber=9966122860, userId=dfgg, password=null]
[main] 2021-07-16 00:52:32 INFO  com.bank.main.Bank_Thor_Main  - Customer [firstName=1, lastName=1, emailId=1, mobileNumber=9963286630, userId=8977, password=null]
[main] 2021-07-16 00:52:32 INFO  com.bank.main.Bank_Thor_Main  - Customer [firstName=apple, lastName=iphone, emailId=apple@gmail.com, mobileNumber=9998577849, userId=apple, password=null]
[main] 2021-07-16 00:52:32 INFO  com.bank.main.Bank_Thor_Main  - Thankyou for using Thor Banking Services
[main] 2021-07-16 00:52:32 INFO  com.bank.main.Bank_Thor_Main  - Welcome Login Portal
press 1 for Customer Login
press 2 for Employee Login
press 3 for MainMenu
press 4 to exit Application
[main] 2021-07-16 00:53:28 INFO  com.bank.main.Bank_Thor_Main  - Welcome to ThorBankingApp V1.0
[main] 2021-07-16 00:53:28 INFO  com.bank.main.Bank_Thor_Main  - ==================================
[main] 2021-07-16 00:53:28 INFO  com.bank.main.Bank_Thor_Main  - 
Product Menu
[main] 2021-07-16 00:53:28 INFO  com.bank.main.Bank_Thor_Main  - 1)Create Account
[main] 2021-07-16 00:53:28 INFO  com.bank.main.Bank_Thor_Main  - 2)Login into your Account
[main] 2021-07-16 00:53:28 INFO  com.bank.main.Bank_Thor_Main  - 3)EXIT
[main] 2021-07-16 00:53:28 INFO  com.bank.main.Bank_Thor_Main  - Enter your Choice 1-3
[main] 2021-07-16 00:53:32 INFO  com.bank.main.Bank_Thor_Main  - Welcome Login Portal
press 1 for Customer Login
press 2 for Employee Login
press 3 for MainMenu
press 4 to exit Application
[main] 2021-07-16 00:53:33 INFO  com.bank.main.Bank_Thor_Main  - Enter EployeeId => 
[main] 2021-07-16 00:53:39 INFO  com.bank.main.Bank_Thor_Main  - Enter Password => 
[main] 2021-07-16 00:53:41 INFO  com.bank.main.Bank_Thor_Main  - 

[main] 2021-07-16 00:53:41 INFO  com.bank.main.Bank_Thor_Main  - Hello mohan_2575
[main] 2021-07-16 00:53:41 INFO  com.bank.main.Bank_Thor_Main  - Welcome to Thor Bank
[main] 2021-07-16 00:53:41 INFO  com.bank.main.Bank_Thor_Main  - You have successfully logged in 
[main] 2021-07-16 00:53:41 INFO  com.bank.main.Bank_Thor_Main  - entered employee login portal
[main] 2021-07-16 00:53:41 INFO  com.bank.main.Bank_Thor_Main  - 1)To View All the Accounts
[main] 2021-07-16 00:53:41 INFO  com.bank.main.Bank_Thor_Main  - 2)To Approve Account
[main] 2021-07-16 00:53:41 INFO  com.bank.main.Bank_Thor_Main  - 3)To View Registered Customers
[main] 2021-07-16 00:53:41 INFO  com.bank.main.Bank_Thor_Main  - 4)LogOut
[main] 2021-07-16 00:53:45 INFO  com.bank.main.Bank_Thor_Main  - Customer [firstName=mohan, lastName=kumar, emailId=mohantulabandhu@gmail.com, mobileNumber=9963296630, userId=28368987, password=null]
[main] 2021-07-16 00:53:45 INFO  com.bank.main.Bank_Thor_Main  - Customer [firstName=mohan, lastName=kumar, emailId=mohantulabandhu@gmail.com, mobileNumber=9963296630, userId=56778989, password=null]
[main] 2021-07-16 00:53:45 INFO  com.bank.main.Bank_Thor_Main  - Customer [firstName=1, lastName=1, emailId=1, mobileNumber=1, userId=mgkk, password=null]
[main] 2021-07-16 00:53:45 INFO  com.bank.main.Bank_Thor_Main  - Customer [firstName=jay, lastName=chandra, emailId=jsai@gmail.com, mobileNumber=9966122860, userId=dfgg, password=null]
[main] 2021-07-16 00:53:45 INFO  com.bank.main.Bank_Thor_Main  - Customer [firstName=1, lastName=1, emailId=1, mobileNumber=9963286630, userId=8977, password=null]
[main] 2021-07-16 00:53:45 INFO  com.bank.main.Bank_Thor_Main  - Customer [firstName=apple, lastName=iphone, emailId=apple@gmail.com, mobileNumber=9998577849, userId=apple, password=null]
[main] 2021-07-16 00:53:45 INFO  com.bank.main.Bank_Thor_Main  - Thankyou for using Thor Banking Services
[main] 2021-07-16 00:53:45 INFO  com.bank.main.Bank_Thor_Main  - 1)To View All the Accounts
[main] 2021-07-16 00:53:45 INFO  com.bank.main.Bank_Thor_Main  - 2)To Approve Account
[main] 2021-07-16 00:53:45 INFO  com.bank.main.Bank_Thor_Main  - 3)To View Registered Customers
[main] 2021-07-16 00:53:45 INFO  com.bank.main.Bank_Thor_Main  - 4)LogOut
[main] 2021-07-16 00:56:37 INFO  com.bank.main.Bank_Thor_Main  - Welcome to ThorBankingApp V1.0
[main] 2021-07-16 00:56:37 INFO  com.bank.main.Bank_Thor_Main  - ==================================
[main] 2021-07-16 00:56:37 INFO  com.bank.main.Bank_Thor_Main  - 
Product Menu
[main] 2021-07-16 00:56:37 INFO  com.bank.main.Bank_Thor_Main  - 1)Create Account
[main] 2021-07-16 00:56:37 INFO  com.bank.main.Bank_Thor_Main  - 2)Login into your Account
[main] 2021-07-16 00:56:37 INFO  com.bank.main.Bank_Thor_Main  - 3)EXIT
[main] 2021-07-16 00:56:37 INFO  com.bank.main.Bank_Thor_Main  - Enter your Choice 1-3
[main] 2021-07-16 00:56:41 INFO  com.bank.main.Bank_Thor_Main  - Welcome Login Portal
press 1 for Customer Login
press 2 for Employee Login
press 3 for MainMenu
press 4 to exit Application
[main] 2021-07-16 00:56:42 INFO  com.bank.main.Bank_Thor_Main  - Enter EployeeId => 
[main] 2021-07-16 00:56:48 INFO  com.bank.main.Bank_Thor_Main  - Enter Password => 
[main] 2021-07-16 00:56:53 INFO  com.bank.main.Bank_Thor_Main  - 

[main] 2021-07-16 00:56:53 INFO  com.bank.main.Bank_Thor_Main  - Hello mohan_2575
[main] 2021-07-16 00:56:53 INFO  com.bank.main.Bank_Thor_Main  - Welcome to Thor Bank
[main] 2021-07-16 00:56:53 INFO  com.bank.main.Bank_Thor_Main  - You have successfully logged in 
[main] 2021-07-16 00:56:53 INFO  com.bank.main.Bank_Thor_Main  - entered employee login portal
[main] 2021-07-16 00:56:53 INFO  com.bank.main.Bank_Thor_Main  - 1)To View All the Accounts
[main] 2021-07-16 00:56:53 INFO  com.bank.main.Bank_Thor_Main  - 2)To Approve Account
[main] 2021-07-16 00:56:53 INFO  com.bank.main.Bank_Thor_Main  - 3)To View Registered Customers
[main] 2021-07-16 00:56:53 INFO  com.bank.main.Bank_Thor_Main  - 4)LogOut
[main] 2021-07-16 00:57:01 INFO  com.bank.main.Bank_Thor_Main  - Customer [firstName=mohan, lastName=kumar, emailId=mohantulabandhu@gmail.com, mobileNumber=9963296630, userId=28368987, password=null]
[main] 2021-07-16 00:57:01 INFO  com.bank.main.Bank_Thor_Main  - Customer [firstName=mohan, lastName=kumar, emailId=mohantulabandhu@gmail.com, mobileNumber=9963296630, userId=56778989, password=null]
[main] 2021-07-16 00:57:01 INFO  com.bank.main.Bank_Thor_Main  - Customer [firstName=1, lastName=1, emailId=1, mobileNumber=1, userId=mgkk, password=null]
[main] 2021-07-16 00:57:01 INFO  com.bank.main.Bank_Thor_Main  - Customer [firstName=jay, lastName=chandra, emailId=jsai@gmail.com, mobileNumber=9966122860, userId=dfgg, password=null]
[main] 2021-07-16 00:57:01 INFO  com.bank.main.Bank_Thor_Main  - Customer [firstName=1, lastName=1, emailId=1, mobileNumber=9963286630, userId=8977, password=null]
[main] 2021-07-16 00:57:01 INFO  com.bank.main.Bank_Thor_Main  - Customer [firstName=apple, lastName=iphone, emailId=apple@gmail.com, mobileNumber=9998577849, userId=apple, password=null]
[main] 2021-07-16 00:57:01 INFO  com.bank.main.Bank_Thor_Main  - 

[main] 2021-07-16 00:57:01 INFO  com.bank.main.Bank_Thor_Main  - Thankyou for using Thor Banking Services
[main] 2021-07-16 00:57:01 INFO  com.bank.main.Bank_Thor_Main  - 

[main] 2021-07-16 00:57:01 INFO  com.bank.main.Bank_Thor_Main  - 1)To View All the Accounts
[main] 2021-07-16 00:57:01 INFO  com.bank.main.Bank_Thor_Main  - 2)To Approve Account
[main] 2021-07-16 00:57:01 INFO  com.bank.main.Bank_Thor_Main  - 3)To View Registered Customers
[main] 2021-07-16 00:57:01 INFO  com.bank.main.Bank_Thor_Main  - 4)LogOut
[main] 2021-07-16 00:57:26 INFO  com.bank.main.Bank_Thor_Main  - Welcome to ThorBankingApp V1.0
[main] 2021-07-16 00:57:26 INFO  com.bank.main.Bank_Thor_Main  - ==================================
[main] 2021-07-16 00:57:26 INFO  com.bank.main.Bank_Thor_Main  - 
Product Menu
[main] 2021-07-16 00:57:26 INFO  com.bank.main.Bank_Thor_Main  - 1)Create Account
[main] 2021-07-16 00:57:26 INFO  com.bank.main.Bank_Thor_Main  - 2)Login into your Account
[main] 2021-07-16 00:57:26 INFO  com.bank.main.Bank_Thor_Main  - 3)EXIT
[main] 2021-07-16 00:57:26 INFO  com.bank.main.Bank_Thor_Main  - Enter your Choice 1-3
[main] 2021-07-16 00:57:30 INFO  com.bank.main.Bank_Thor_Main  - Welcome Login Portal
press 1 for Customer Login
press 2 for Employee Login
press 3 for MainMenu
press 4 to exit Application
[main] 2021-07-16 00:57:32 INFO  com.bank.main.Bank_Thor_Main  - Enter UserId => 
[main] 2021-07-16 00:57:38 INFO  com.bank.main.Bank_Thor_Main  - Enter Password => 
[main] 2021-07-16 00:57:40 INFO  com.bank.main.Bank_Thor_Main  - 

[main] 2021-07-16 00:57:40 INFO  com.bank.main.Bank_Thor_Main  - Hello 8977
[main] 2021-07-16 00:57:40 INFO  com.bank.main.Bank_Thor_Main  - Welcome to Thor Bank
[main] 2021-07-16 00:57:40 INFO  com.bank.main.Bank_Thor_Main  - You have successfully logged in
[main] 2021-07-16 00:57:40 INFO  com.bank.main.Bank_Thor_Main  - 

[main] 2021-07-16 00:57:40 INFO  com.bank.main.Bank_Thor_Main  - Select the operation you want perform
[main] 2021-07-16 00:57:40 INFO  com.bank.main.Bank_Thor_Main  - press 1 to open New Account
press 2 to Transfer
press 3 to Withdraw
press 4 to Deposit
press 5 to view statements
press 6 to Logout
[main] 2021-07-16 00:57:46 INFO  com.bank.main.Bank_Thor_Main  - Enter AccountNumber to get the Statement 
[main] 2021-07-16 00:58:01 INFO  com.bank.main.Bank_Thor_Main  - Statement for the Account Number  37024270002
[main] 2021-07-16 00:58:01 INFO  com.bank.main.Bank_Thor_Main  - Transaction [accountNumber=37024270002, amount=345.0, openingBalance1=3.7024270002E10, closingBalance=5345.0, transId=30001, transType=Deposit, date=2021-07-15]
[main] 2021-07-16 00:58:01 INFO  com.bank.main.Bank_Thor_Main  - Transaction [accountNumber=37024270002, amount=325.0, openingBalance1=5000.0, closingBalance=5325.0, transId=30002, transType=Deposit, date=2021-07-15]
[main] 2021-07-16 00:58:01 INFO  com.bank.main.Bank_Thor_Main  - Transaction [accountNumber=37024270002, amount=500.0, openingBalance1=5325.0, closingBalance=5825.0, transId=30003, transType=Deposit, date=2021-07-15]
[main] 2021-07-16 00:58:01 INFO  com.bank.main.Bank_Thor_Main  - Transaction [accountNumber=37024270002, amount=444.0, openingBalance1=5825.0, closingBalance=5381.0, transId=30004, transType=Withdraw, date=2021-07-15]
[main] 2021-07-16 00:58:01 INFO  com.bank.main.Bank_Thor_Main  - Transaction [accountNumber=37024270002, amount=689.0, openingBalance1=5381.0, closingBalance=4692.0, transId=30005, transType=Withdraw, date=2021-07-15]
[main] 2021-07-16 00:58:01 INFO  com.bank.main.Bank_Thor_Main  - Thankyou for using Thor Banking Services
[main] 2021-07-16 00:58:01 INFO  com.bank.main.Bank_Thor_Main  - Select the operation you want perform
[main] 2021-07-16 00:58:01 INFO  com.bank.main.Bank_Thor_Main  - press 1 to open New Account
press 2 to Transfer
press 3 to Withdraw
press 4 to Deposit
press 5 to view statements
press 6 to Logout
[main] 2021-07-16 00:59:25 INFO  com.bank.main.Bank_Thor_Main  - Thank you for using Thor Banking Services.  Goodbye....!
[main] 2021-07-16 00:59:25 INFO  com.bank.main.Bank_Thor_Main  - May Thor be With You :)
[main] 2021-07-16 00:59:25 INFO  com.bank.main.Bank_Thor_Main  - Successfully logged out of Thor Bank
[main] 2021-07-16 01:13:16 INFO  com.bank.main.Bank_Thor_Main  - Welcome to ThorBankingApp V1.0
[main] 2021-07-16 01:13:16 INFO  com.bank.main.Bank_Thor_Main  - ==================================
[main] 2021-07-16 01:13:16 INFO  com.bank.main.Bank_Thor_Main  - 
Product Menu
[main] 2021-07-16 01:13:16 INFO  com.bank.main.Bank_Thor_Main  - 1)Create Account
[main] 2021-07-16 01:13:16 INFO  com.bank.main.Bank_Thor_Main  - 2)Login into your Account
[main] 2021-07-16 01:13:16 INFO  com.bank.main.Bank_Thor_Main  - 3)EXIT
[main] 2021-07-16 01:13:16 INFO  com.bank.main.Bank_Thor_Main  - Enter your Choice 1-3
[main] 2021-07-16 01:13:21 INFO  com.bank.main.Bank_Thor_Main  - Welcome Login Portal
press 1 for Customer Login
press 2 for Employee Login
press 3 for MainMenu
press 4 to exit Application
[main] 2021-07-16 01:13:26 INFO  com.bank.main.Bank_Thor_Main  - Enter UserId => 
[main] 2021-07-16 01:13:32 INFO  com.bank.main.Bank_Thor_Main  - Enter Password => 
[main] 2021-07-16 01:13:33 INFO  com.bank.main.Bank_Thor_Main  - 

[main] 2021-07-16 01:13:33 INFO  com.bank.main.Bank_Thor_Main  - Hello 8977
[main] 2021-07-16 01:13:33 INFO  com.bank.main.Bank_Thor_Main  - Welcome to Thor Bank
[main] 2021-07-16 01:13:33 INFO  com.bank.main.Bank_Thor_Main  - You have successfully logged in
[main] 2021-07-16 01:13:33 INFO  com.bank.main.Bank_Thor_Main  - 

[main] 2021-07-16 01:13:33 INFO  com.bank.main.Bank_Thor_Main  - Select the operation you want perform
[main] 2021-07-16 01:13:33 INFO  com.bank.main.Bank_Thor_Main  - press 1 to open New Account
press 2 to Transfer
press 3 to Withdraw
press 4 to Deposit
press 5 to view statements
press 6 to Logout
[main] 2021-07-16 01:13:39 INFO  com.bank.main.Bank_Thor_Main  - Enter Your 11 Digit Account Number
[main] 2021-07-16 01:13:53 INFO  com.bank.main.Bank_Thor_Main  - enter Amount to be withdrwn
[main] 2021-07-16 01:14:04 INFO  com.bank.main.Bank_Thor_Main  - Amount 5.0Successfully Withdrawn from your Account Number37024270002
[main] 2021-07-16 01:14:04 INFO  com.bank.main.Bank_Thor_Main  - Transaction [accountNumber=37024270002, amount=5.0, openingBalance1=4692.0, closingBalance=4687.0, transId=30006, transType=Withdraw, date=null]
[main] 2021-07-16 01:14:04 INFO  com.bank.main.Bank_Thor_Main  - Enter Your 11 Digit Account Number
[main] 2021-07-16 01:18:12 INFO  com.bank.main.Bank_Thor_Main  - Welcome to ThorBankingApp V1.0
[main] 2021-07-16 01:18:12 INFO  com.bank.main.Bank_Thor_Main  - ==================================
[main] 2021-07-16 01:18:12 INFO  com.bank.main.Bank_Thor_Main  - 
Product Menu
[main] 2021-07-16 01:18:12 INFO  com.bank.main.Bank_Thor_Main  - 1)Create Account
[main] 2021-07-16 01:18:12 INFO  com.bank.main.Bank_Thor_Main  - 2)Login into your Account
[main] 2021-07-16 01:18:12 INFO  com.bank.main.Bank_Thor_Main  - 3)EXIT
[main] 2021-07-16 01:18:12 INFO  com.bank.main.Bank_Thor_Main  - Enter your Choice 1-3
[main] 2021-07-16 01:18:16 INFO  com.bank.main.Bank_Thor_Main  - Welcome Login Portal
press 1 for Customer Login
press 2 for Employee Login
press 3 for MainMenu
press 4 to exit Application
[main] 2021-07-16 01:18:17 INFO  com.bank.main.Bank_Thor_Main  - Enter UserId => 
[main] 2021-07-16 01:18:23 INFO  com.bank.main.Bank_Thor_Main  - Enter Password => 
[main] 2021-07-16 01:18:24 INFO  com.bank.main.Bank_Thor_Main  - 

[main] 2021-07-16 01:18:24 INFO  com.bank.main.Bank_Thor_Main  - Hello 8977
[main] 2021-07-16 01:18:24 INFO  com.bank.main.Bank_Thor_Main  - Welcome to Thor Bank
[main] 2021-07-16 01:18:24 INFO  com.bank.main.Bank_Thor_Main  - You have successfully logged in
[main] 2021-07-16 01:18:24 INFO  com.bank.main.Bank_Thor_Main  - 

[main] 2021-07-16 01:18:24 INFO  com.bank.main.Bank_Thor_Main  - Select the operation you want perform
[main] 2021-07-16 01:18:24 INFO  com.bank.main.Bank_Thor_Main  - press 1 to open New Account
press 2 to Transfer
press 3 to Withdraw
press 4 to Deposit
press 5 to view statements
press 6 to Logout
[main] 2021-07-16 01:18:27 INFO  com.bank.main.Bank_Thor_Main  - For input string: "2\"
[main] 2021-07-16 01:18:27 INFO  com.bank.main.Bank_Thor_Main  - entered option is invalid
[main] 2021-07-16 01:18:27 INFO  com.bank.main.Bank_Thor_Main  - Select the operation you want perform
[main] 2021-07-16 01:18:27 INFO  com.bank.main.Bank_Thor_Main  - press 1 to open New Account
press 2 to Transfer
press 3 to Withdraw
press 4 to Deposit
press 5 to view statements
press 6 to Logout
[main] 2021-07-16 01:18:30 INFO  com.bank.main.Bank_Thor_Main  - Enter Your 11 Digit Account Number
[main] 2021-07-16 01:18:43 INFO  com.bank.main.Bank_Thor_Main  - enter Amount to be transfered
[main] 2021-07-16 01:18:50 INFO  com.bank.main.Bank_Thor_Main  - Enter 11 Digit Account Number to be Transferd
[main] 2021-07-16 01:19:45 INFO  com.bank.main.Bank_Thor_Main  - Amount 700.0Successfully Transferred to Beneficiary Account 37024270003
[main] 2021-07-16 01:19:45 INFO  com.bank.main.Bank_Thor_Main  - Thankyou for using Thor Banking Services
[main] 2021-07-16 01:19:45 INFO  com.bank.main.Bank_Thor_Main  - 

[main] 2021-07-16 01:19:45 INFO  com.bank.main.Bank_Thor_Main  - Select the operation you want perform
[main] 2021-07-16 01:19:45 INFO  com.bank.main.Bank_Thor_Main  - press 1 to open New Account
press 2 to Transfer
press 3 to Withdraw
press 4 to Deposit
press 5 to view statements
press 6 to Logout
[main] 2021-07-16 01:21:09 INFO  com.bank.main.Bank_Thor_Main  - Thank you for using Thor Banking Services.  Goodbye....!
[main] 2021-07-16 01:21:09 INFO  com.bank.main.Bank_Thor_Main  - May Thor be With You :)
[main] 2021-07-16 01:21:09 INFO  com.bank.main.Bank_Thor_Main  - Successfully logged out of Thor Bank
[main] 2021-07-16 01:24:28 INFO  com.bank.main.Bank_Thor_Main  - Welcome to ThorBankingApp V1.0
[main] 2021-07-16 01:24:28 INFO  com.bank.main.Bank_Thor_Main  - ==================================
[main] 2021-07-16 01:24:28 INFO  com.bank.main.Bank_Thor_Main  - 
Product Menu
[main] 2021-07-16 01:24:28 INFO  com.bank.main.Bank_Thor_Main  - 1)Create Account
[main] 2021-07-16 01:24:28 INFO  com.bank.main.Bank_Thor_Main  - 2)Login into your Account
[main] 2021-07-16 01:24:28 INFO  com.bank.main.Bank_Thor_Main  - 3)EXIT
[main] 2021-07-16 01:24:28 INFO  com.bank.main.Bank_Thor_Main  - Enter your Choice 1-3
[main] 2021-07-16 01:24:40 INFO  com.bank.main.Bank_Thor_Main  - Welcome Login Portal
press 1 for Customer Login
press 2 for Employee Login
press 3 for MainMenu
press 4 to exit Application
[main] 2021-07-16 01:25:13 INFO  com.bank.main.Bank_Thor_Main  - Enter UserId => 
[main] 2021-07-16 01:25:16 INFO  com.bank.main.Bank_Thor_Main  - Enter Password => 
[main] 2021-07-16 01:25:18 INFO  com.bank.main.Bank_Thor_Main  - 

[main] 2021-07-16 01:25:18 INFO  com.bank.main.Bank_Thor_Main  - Hello 8977
[main] 2021-07-16 01:25:18 INFO  com.bank.main.Bank_Thor_Main  - Welcome to Thor Bank
[main] 2021-07-16 01:25:18 INFO  com.bank.main.Bank_Thor_Main  - You have successfully logged in
[main] 2021-07-16 01:25:18 INFO  com.bank.main.Bank_Thor_Main  - 

[main] 2021-07-16 01:25:18 INFO  com.bank.main.Bank_Thor_Main  - Select the operation you want perform
[main] 2021-07-16 01:25:18 INFO  com.bank.main.Bank_Thor_Main  - press 1 to open New Account
press 2 to Transfer
press 3 to Withdraw
press 4 to Deposit
press 5 to view statements
press 6 to Logout
[main] 2021-07-16 01:25:22 INFO  com.bank.main.Bank_Thor_Main  - Enter Your 11 Digit Account Number
[main] 2021-07-16 01:27:00 INFO  com.bank.main.Bank_Thor_Main  - enter Amount to be transfered
[main] 2021-07-16 01:27:40 INFO  com.bank.main.Bank_Thor_Main  - Welcome to ThorBankingApp V1.0
[main] 2021-07-16 01:27:40 INFO  com.bank.main.Bank_Thor_Main  - ==================================
[main] 2021-07-16 01:27:40 INFO  com.bank.main.Bank_Thor_Main  - 
Product Menu
[main] 2021-07-16 01:27:40 INFO  com.bank.main.Bank_Thor_Main  - 1)Create Account
[main] 2021-07-16 01:27:40 INFO  com.bank.main.Bank_Thor_Main  - 2)Login into your Account
[main] 2021-07-16 01:27:40 INFO  com.bank.main.Bank_Thor_Main  - 3)EXIT
[main] 2021-07-16 01:27:40 INFO  com.bank.main.Bank_Thor_Main  - Enter your Choice 1-3
[main] 2021-07-16 01:27:43 INFO  com.bank.main.Bank_Thor_Main  - Welcome Login Portal
press 1 for Customer Login
press 2 for Employee Login
press 3 for MainMenu
press 4 to exit Application
[main] 2021-07-16 01:27:44 INFO  com.bank.main.Bank_Thor_Main  - Enter UserId => 
[main] 2021-07-16 01:27:47 INFO  com.bank.main.Bank_Thor_Main  - Enter Password => 
[main] 2021-07-16 01:27:49 INFO  com.bank.main.Bank_Thor_Main  - 

[main] 2021-07-16 01:27:49 INFO  com.bank.main.Bank_Thor_Main  - Hello 8977
[main] 2021-07-16 01:27:49 INFO  com.bank.main.Bank_Thor_Main  - Welcome to Thor Bank
[main] 2021-07-16 01:27:49 INFO  com.bank.main.Bank_Thor_Main  - You have successfully logged in
[main] 2021-07-16 01:27:49 INFO  com.bank.main.Bank_Thor_Main  - 

[main] 2021-07-16 01:27:49 INFO  com.bank.main.Bank_Thor_Main  - Select the operation you want perform
[main] 2021-07-16 01:27:49 INFO  com.bank.main.Bank_Thor_Main  - press 1 to open New Account
press 2 to Transfer
press 3 to Withdraw
press 4 to Deposit
press 5 to view statements
press 6 to Logout
[main] 2021-07-16 01:27:56 INFO  com.bank.main.Bank_Thor_Main  - Enter Your 11 Digit Account Number
[main] 2021-07-16 01:28:06 INFO  com.bank.main.Bank_Thor_Main  - enter Amount to be withdrwn
[main] 2021-07-16 01:28:10 INFO  com.bank.main.Bank_Thor_Main  - Amount 67889.0Successfully Withdrawn from your Account Number37024270002
[main] 2021-07-16 01:28:10 INFO  com.bank.main.Bank_Thor_Main  - Transaction [accountNumber=37024270002, amount=67889.0, openingBalance1=3987.0, closingBalance=-63902.0, transId=30009, transType=Withdraw, date=null]
[main] 2021-07-16 01:28:10 INFO  com.bank.main.Bank_Thor_Main  - Thankyou for using Thor Banking Services
[main] 2021-07-16 01:28:10 INFO  com.bank.main.Bank_Thor_Main  - 

[main] 2021-07-16 01:28:10 INFO  com.bank.main.Bank_Thor_Main  - Select the operation you want perform
[main] 2021-07-16 01:28:10 INFO  com.bank.main.Bank_Thor_Main  - press 1 to open New Account
press 2 to Transfer
press 3 to Withdraw
press 4 to Deposit
press 5 to view statements
press 6 to Logout
[main] 2021-07-16 01:33:18 INFO  com.bank.main.Bank_Thor_Main  - Welcome to ThorBankingApp V1.0
[main] 2021-07-16 01:33:18 INFO  com.bank.main.Bank_Thor_Main  - ==================================
[main] 2021-07-16 01:33:18 INFO  com.bank.main.Bank_Thor_Main  - 
Product Menu
[main] 2021-07-16 01:33:18 INFO  com.bank.main.Bank_Thor_Main  - 1)Create Account
[main] 2021-07-16 01:33:18 INFO  com.bank.main.Bank_Thor_Main  - 2)Login into your Account
[main] 2021-07-16 01:33:18 INFO  com.bank.main.Bank_Thor_Main  - 3)EXIT
[main] 2021-07-16 01:33:18 INFO  com.bank.main.Bank_Thor_Main  - Enter your Choice 1-3
[main] 2021-07-16 01:33:24 INFO  com.bank.main.Bank_Thor_Main  - Welcome Login Portal
press 1 for Customer Login
press 2 for Employee Login
press 3 for MainMenu
press 4 to exit Application
[main] 2021-07-16 01:33:28 INFO  com.bank.main.Bank_Thor_Main  - Enter UserId => 
[main] 2021-07-16 01:33:31 INFO  com.bank.main.Bank_Thor_Main  - Enter Password => 
[main] 2021-07-16 01:33:32 INFO  com.bank.main.Bank_Thor_Main  - 

[main] 2021-07-16 01:33:32 INFO  com.bank.main.Bank_Thor_Main  - Hello 8977
[main] 2021-07-16 01:33:32 INFO  com.bank.main.Bank_Thor_Main  - Welcome to Thor Bank
[main] 2021-07-16 01:33:32 INFO  com.bank.main.Bank_Thor_Main  - You have successfully logged in
[main] 2021-07-16 01:33:32 INFO  com.bank.main.Bank_Thor_Main  - 

[main] 2021-07-16 01:33:32 INFO  com.bank.main.Bank_Thor_Main  - Select the operation you want perform
[main] 2021-07-16 01:33:32 INFO  com.bank.main.Bank_Thor_Main  - press 1 to open New Account
press 2 to Transfer
press 3 to Withdraw
press 4 to Deposit
press 5 to view statements
press 6 to Logout
[main] 2021-07-16 01:33:43 INFO  com.bank.main.Bank_Thor_Main  - Enter Your 11 Digit Account Number
[main] 2021-07-16 01:34:05 INFO  com.bank.main.Bank_Thor_Main  - enter Amount to be deposited
[main] 2021-07-16 01:34:10 INFO  com.bank.main.Bank_Thor_Main  - Amount 70000.0Successfully deposited into your Account Number37024270002
[main] 2021-07-16 01:34:10 INFO  com.bank.main.Bank_Thor_Main  - Transaction [accountNumber=37024270002, amount=70000.0, openingBalance1=-63902.0, closingBalance=6098.0, transId=30010, transType=Deposit, date=null]
[main] 2021-07-16 01:34:10 INFO  com.bank.main.Bank_Thor_Main  - Thankyou for using Thor Banking Services
[main] 2021-07-16 01:34:10 INFO  com.bank.main.Bank_Thor_Main  - 

[main] 2021-07-16 01:34:10 INFO  com.bank.main.Bank_Thor_Main  - Select the operation you want perform
[main] 2021-07-16 01:34:10 INFO  com.bank.main.Bank_Thor_Main  - press 1 to open New Account
press 2 to Transfer
press 3 to Withdraw
press 4 to Deposit
press 5 to view statements
press 6 to Logout
[main] 2021-07-16 01:34:29 INFO  com.bank.main.Bank_Thor_Main  - Enter Your 11 Digit Account Number
[main] 2021-07-16 01:34:37 INFO  com.bank.main.Bank_Thor_Main  - enter Amount to be withdrwn
[main] 2021-07-16 01:34:40 WARN  com.bank.main.Bank_Thor_Main  - You dont have sufficient Amount in Your Account
[main] 2021-07-16 01:34:40 INFO  com.bank.main.Bank_Thor_Main  - Amount 10000.0Successfully Withdrawn from your Account Number37024270002
[main] 2021-07-16 01:34:40 INFO  com.bank.main.Bank_Thor_Main  - Transaction [accountNumber=37024270002, amount=10000.0, openingBalance1=6098.0, closingBalance=0.0, transId=30011, transType=Withdraw, date=null]
[main] 2021-07-16 01:34:40 INFO  com.bank.main.Bank_Thor_Main  - Thankyou for using Thor Banking Services
[main] 2021-07-16 01:34:40 INFO  com.bank.main.Bank_Thor_Main  - 

[main] 2021-07-16 01:34:40 INFO  com.bank.main.Bank_Thor_Main  - Select the operation you want perform
[main] 2021-07-16 01:34:40 INFO  com.bank.main.Bank_Thor_Main  - press 1 to open New Account
press 2 to Transfer
press 3 to Withdraw
press 4 to Deposit
press 5 to view statements
press 6 to Logout
[main] 2021-07-16 01:35:26 INFO  com.bank.main.Bank_Thor_Main  - Welcome to ThorBankingApp V1.0
[main] 2021-07-16 01:35:26 INFO  com.bank.main.Bank_Thor_Main  - ==================================
[main] 2021-07-16 01:35:26 INFO  com.bank.main.Bank_Thor_Main  - 
Product Menu
[main] 2021-07-16 01:35:26 INFO  com.bank.main.Bank_Thor_Main  - 1)Create Account
[main] 2021-07-16 01:35:26 INFO  com.bank.main.Bank_Thor_Main  - 2)Login into your Account
[main] 2021-07-16 01:35:26 INFO  com.bank.main.Bank_Thor_Main  - 3)EXIT
[main] 2021-07-16 01:35:26 INFO  com.bank.main.Bank_Thor_Main  - Enter your Choice 1-3
[main] 2021-07-16 01:35:28 INFO  com.bank.main.Bank_Thor_Main  - Welcome Login Portal
press 1 for Customer Login
press 2 for Employee Login
press 3 for MainMenu
press 4 to exit Application
[main] 2021-07-16 01:35:29 INFO  com.bank.main.Bank_Thor_Main  - Enter UserId => 
[main] 2021-07-16 01:35:32 INFO  com.bank.main.Bank_Thor_Main  - Enter Password => 
[main] 2021-07-16 01:35:33 INFO  com.bank.main.Bank_Thor_Main  - 

[main] 2021-07-16 01:35:33 INFO  com.bank.main.Bank_Thor_Main  - Hello 8977
[main] 2021-07-16 01:35:33 INFO  com.bank.main.Bank_Thor_Main  - Welcome to Thor Bank
[main] 2021-07-16 01:35:33 INFO  com.bank.main.Bank_Thor_Main  - You have successfully logged in
[main] 2021-07-16 01:35:33 INFO  com.bank.main.Bank_Thor_Main  - 

[main] 2021-07-16 01:35:33 INFO  com.bank.main.Bank_Thor_Main  - Select the operation you want perform
[main] 2021-07-16 01:35:33 INFO  com.bank.main.Bank_Thor_Main  - press 1 to open New Account
press 2 to Transfer
press 3 to Withdraw
press 4 to Deposit
press 5 to view statements
press 6 to Logout
[main] 2021-07-16 01:35:41 INFO  com.bank.main.Bank_Thor_Main  - Enter Your 11 Digit Account Number
[main] 2021-07-16 01:35:44 INFO  com.bank.main.Bank_Thor_Main  - enter Amount to be withdrwn
[main] 2021-07-16 01:36:10 WARN  com.bank.main.Bank_Thor_Main  - You dont have sufficient Amount in Your Account
[main] 2021-07-16 01:36:10 INFO  com.bank.main.Bank_Thor_Main  - Amount 500.0Successfully Withdrawn from your Account Number123
[main] 2021-07-16 01:36:10 INFO  com.bank.main.Bank_Thor_Main  - 
[main] 2021-07-16 01:36:10 INFO  com.bank.main.Bank_Thor_Main  - Thankyou for using Thor Banking Services
[main] 2021-07-16 01:36:10 INFO  com.bank.main.Bank_Thor_Main  - 

[main] 2021-07-16 01:36:10 INFO  com.bank.main.Bank_Thor_Main  - Select the operation you want perform
[main] 2021-07-16 01:36:10 INFO  com.bank.main.Bank_Thor_Main  - press 1 to open New Account
press 2 to Transfer
press 3 to Withdraw
press 4 to Deposit
press 5 to view statements
press 6 to Logout
[main] 2021-07-16 01:36:21 INFO  com.bank.main.Bank_Thor_Main  - Thank you for using Thor Banking Services.  Goodbye....!
[main] 2021-07-16 01:36:21 INFO  com.bank.main.Bank_Thor_Main  - May Thor be With You :)
[main] 2021-07-16 01:36:21 INFO  com.bank.main.Bank_Thor_Main  - Successfully logged out of Thor Bank
[main] 2021-07-16 01:36:49 INFO  com.bank.main.Bank_Thor_Main  - Welcome to ThorBankingApp V1.0
[main] 2021-07-16 01:36:49 INFO  com.bank.main.Bank_Thor_Main  - ==================================
[main] 2021-07-16 01:36:49 INFO  com.bank.main.Bank_Thor_Main  - 
Product Menu
[main] 2021-07-16 01:36:49 INFO  com.bank.main.Bank_Thor_Main  - 1)Create Account
[main] 2021-07-16 01:36:49 INFO  com.bank.main.Bank_Thor_Main  - 2)Login into your Account
[main] 2021-07-16 01:36:49 INFO  com.bank.main.Bank_Thor_Main  - 3)EXIT
[main] 2021-07-16 01:36:49 INFO  com.bank.main.Bank_Thor_Main  - Enter your Choice 1-3
[main] 2021-07-16 01:36:53 INFO  com.bank.main.Bank_Thor_Main  - Welcome Login Portal
press 1 for Customer Login
press 2 for Employee Login
press 3 for MainMenu
press 4 to exit Application
[main] 2021-07-16 01:36:55 INFO  com.bank.main.Bank_Thor_Main  - Enter UserId => 
[main] 2021-07-16 01:36:58 WARN  com.bank.main.Bank_Thor_Main  - User Id not Exists
[main] 2021-07-16 01:36:58 INFO  com.bank.main.Bank_Thor_Main  - Welcome Login Portal
press 1 for Customer Login
press 2 for Employee Login
press 3 for MainMenu
press 4 to exit Application
[main] 2021-07-16 01:37:03 INFO  com.bank.main.Bank_Thor_Main  - Enter UserId => 
[main] 2021-07-16 01:37:06 INFO  com.bank.main.Bank_Thor_Main  - Enter Password => 
[main] 2021-07-16 01:37:07 INFO  com.bank.main.Bank_Thor_Main  - 

[main] 2021-07-16 01:37:07 INFO  com.bank.main.Bank_Thor_Main  - Hello 8977
[main] 2021-07-16 01:37:07 INFO  com.bank.main.Bank_Thor_Main  - Welcome to Thor Bank
[main] 2021-07-16 01:37:07 INFO  com.bank.main.Bank_Thor_Main  - You have successfully logged in
[main] 2021-07-16 01:37:07 INFO  com.bank.main.Bank_Thor_Main  - 

[main] 2021-07-16 01:37:07 INFO  com.bank.main.Bank_Thor_Main  - Select the operation you want perform
[main] 2021-07-16 01:37:07 INFO  com.bank.main.Bank_Thor_Main  - press 1 to open New Account
press 2 to Transfer
press 3 to Withdraw
press 4 to Deposit
press 5 to view statements
press 6 to Logout
[main] 2021-07-16 01:37:18 INFO  com.bank.main.Bank_Thor_Main  - Enter Your 11 Digit Account Number
[main] 2021-07-16 01:37:20 INFO  com.bank.main.Bank_Thor_Main  - enter Amount to be withdrwn
[main] 2021-07-16 01:37:23 WARN  com.bank.main.Bank_Thor_Main  - You dont have sufficient Amount in Your Account
[main] 2021-07-16 01:37:23 INFO  com.bank.main.Bank_Thor_Main  - Thankyou for using Thor Banking Services
[main] 2021-07-16 01:37:23 INFO  com.bank.main.Bank_Thor_Main  - 

[main] 2021-07-16 01:37:23 INFO  com.bank.main.Bank_Thor_Main  - Select the operation you want perform
[main] 2021-07-16 01:37:23 INFO  com.bank.main.Bank_Thor_Main  - press 1 to open New Account
press 2 to Transfer
press 3 to Withdraw
press 4 to Deposit
press 5 to view statements
press 6 to Logout
[main] 2021-07-16 01:37:33 INFO  com.bank.main.Bank_Thor_Main  - Thank you for using Thor Banking Services.  Goodbye....!
[main] 2021-07-16 01:37:33 INFO  com.bank.main.Bank_Thor_Main  - May Thor be With You :)
[main] 2021-07-16 01:37:33 INFO  com.bank.main.Bank_Thor_Main  - Successfully logged out of Thor Bank
[main] 2021-07-16 01:38:16 INFO  com.bank.main.Bank_Thor_Main  - Welcome to ThorBankingApp V1.0
[main] 2021-07-16 01:38:16 INFO  com.bank.main.Bank_Thor_Main  - ==================================
[main] 2021-07-16 01:38:16 INFO  com.bank.main.Bank_Thor_Main  - 
Product Menu
[main] 2021-07-16 01:38:16 INFO  com.bank.main.Bank_Thor_Main  - 1)Create Account
[main] 2021-07-16 01:38:16 INFO  com.bank.main.Bank_Thor_Main  - 2)Login into your Account
[main] 2021-07-16 01:38:16 INFO  com.bank.main.Bank_Thor_Main  - 3)EXIT
[main] 2021-07-16 01:38:16 INFO  com.bank.main.Bank_Thor_Main  - Enter your Choice 1-3
[main] 2021-07-16 01:38:21 INFO  com.bank.main.Bank_Thor_Main  - Welcome Login Portal
press 1 for Customer Login
press 2 for Employee Login
press 3 for MainMenu
press 4 to exit Application
[main] 2021-07-16 01:38:23 INFO  com.bank.main.Bank_Thor_Main  - Enter UserId => 
[main] 2021-07-16 01:38:26 INFO  com.bank.main.Bank_Thor_Main  - Enter Password => 
[main] 2021-07-16 01:38:27 INFO  com.bank.main.Bank_Thor_Main  - 

[main] 2021-07-16 01:38:27 INFO  com.bank.main.Bank_Thor_Main  - Hello 8977
[main] 2021-07-16 01:38:27 INFO  com.bank.main.Bank_Thor_Main  - Welcome to Thor Bank
[main] 2021-07-16 01:38:27 INFO  com.bank.main.Bank_Thor_Main  - You have successfully logged in
[main] 2021-07-16 01:38:27 INFO  com.bank.main.Bank_Thor_Main  - 

[main] 2021-07-16 01:38:27 INFO  com.bank.main.Bank_Thor_Main  - Select the operation you want perform
[main] 2021-07-16 01:38:27 INFO  com.bank.main.Bank_Thor_Main  - press 1 to open New Account
press 2 to Transfer
press 3 to Withdraw
press 4 to Deposit
press 5 to view statements
press 6 to Logout
[main] 2021-07-16 01:39:14 INFO  com.bank.main.Bank_Thor_Main  - Enter Your 11 Digit Account Number
[main] 2021-07-16 01:39:17 INFO  com.bank.main.Bank_Thor_Main  - enter Amount to be transfered
[main] 2021-07-16 01:39:24 WARN  com.bank.main.Bank_Thor_Main  - You dont have sufficient Amount in Your Account
[main] 2021-07-16 01:39:24 INFO  com.bank.main.Bank_Thor_Main  - Enter 11 Digit Account Number to be Transferd
[main] 2021-07-16 01:42:28 INFO  com.bank.main.Bank_Thor_Main  - Welcome to ThorBankingApp V1.0
[main] 2021-07-16 01:42:28 INFO  com.bank.main.Bank_Thor_Main  - ==================================
[main] 2021-07-16 01:42:28 INFO  com.bank.main.Bank_Thor_Main  - 
Product Menu
[main] 2021-07-16 01:42:28 INFO  com.bank.main.Bank_Thor_Main  - 1)Create Account
[main] 2021-07-16 01:42:28 INFO  com.bank.main.Bank_Thor_Main  - 2)Login into your Account
[main] 2021-07-16 01:42:28 INFO  com.bank.main.Bank_Thor_Main  - 3)EXIT
[main] 2021-07-16 01:42:28 INFO  com.bank.main.Bank_Thor_Main  - Enter your Choice 1-3
[main] 2021-07-16 01:42:38 INFO  com.bank.main.Bank_Thor_Main  - Welcome Login Portal
press 1 for Customer Login
press 2 for Employee Login
press 3 for MainMenu
press 4 to exit Application
[main] 2021-07-16 01:42:40 INFO  com.bank.main.Bank_Thor_Main  - Enter UserId => 
[main] 2021-07-16 01:42:46 INFO  com.bank.main.Bank_Thor_Main  - Enter Password => 
[main] 2021-07-16 01:42:46 INFO  com.bank.main.Bank_Thor_Main  - 

[main] 2021-07-16 01:42:46 INFO  com.bank.main.Bank_Thor_Main  - Hello 8977
[main] 2021-07-16 01:42:46 INFO  com.bank.main.Bank_Thor_Main  - Welcome to Thor Bank
[main] 2021-07-16 01:42:46 INFO  com.bank.main.Bank_Thor_Main  - You have successfully logged in
[main] 2021-07-16 01:42:46 INFO  com.bank.main.Bank_Thor_Main  - 

[main] 2021-07-16 01:42:46 INFO  com.bank.main.Bank_Thor_Main  - Select the operation you want perform
[main] 2021-07-16 01:42:46 INFO  com.bank.main.Bank_Thor_Main  - press 1 to open New Account
press 2 to Transfer
press 3 to Withdraw
press 4 to Deposit
press 5 to view statements
press 6 to Logout
[main] 2021-07-16 01:42:49 INFO  com.bank.main.Bank_Thor_Main  - Enter Your 11 Digit Account Number
[main] 2021-07-16 01:42:52 INFO  com.bank.main.Bank_Thor_Main  - enter Amount to be transfered
[main] 2021-07-16 01:42:56 WARN  com.bank.main.Bank_Thor_Main  - You dont have sufficient Amount in Your Account
[main] 2021-07-16 01:42:56 INFO  com.bank.main.Bank_Thor_Main  - Select the operation you want perform
[main] 2021-07-16 01:42:56 INFO  com.bank.main.Bank_Thor_Main  - press 1 to open New Account
press 2 to Transfer
press 3 to Withdraw
press 4 to Deposit
press 5 to view statements
press 6 to Logout
[main] 2021-07-16 01:43:09 INFO  com.bank.main.Bank_Thor_Main  - Enter Your 11 Digit Account Number
[main] 2021-07-16 01:43:14 INFO  com.bank.main.Bank_Thor_Main  - enter Amount to be transfered
[main] 2021-07-16 01:43:19 INFO  com.bank.main.Bank_Thor_Main  - Amount 23.0Successfully Withdrawn from your Account Number123
[main] 2021-07-16 01:43:19 INFO  com.bank.main.Bank_Thor_Main  - Transaction [accountNumber=123, amount=23.0, openingBalance1=123.0, closingBalance=100.0, transId=30012, transType=Withdraw, date=null]
[main] 2021-07-16 01:43:19 INFO  com.bank.main.Bank_Thor_Main  - Enter 11 Digit Account Number to be Transferd
[main] 2021-07-16 01:43:25 INFO  com.bank.main.Bank_Thor_Main  - Amount 23.0Successfully Transferred to Beneficiary Account 123
[main] 2021-07-16 01:43:25 INFO  com.bank.main.Bank_Thor_Main  - Thankyou for using Thor Banking Services
[main] 2021-07-16 01:43:25 INFO  com.bank.main.Bank_Thor_Main  - 

[main] 2021-07-16 01:43:25 INFO  com.bank.main.Bank_Thor_Main  - Select the operation you want perform
[main] 2021-07-16 01:43:25 INFO  com.bank.main.Bank_Thor_Main  - press 1 to open New Account
press 2 to Transfer
press 3 to Withdraw
press 4 to Deposit
press 5 to view statements
press 6 to Logout
[main] 2021-07-16 01:43:50 INFO  com.bank.main.Bank_Thor_Main  - Thank you for using Thor Banking Services.  Goodbye....!
[main] 2021-07-16 01:43:50 INFO  com.bank.main.Bank_Thor_Main  - May Thor be With You :)
[main] 2021-07-16 01:43:50 INFO  com.bank.main.Bank_Thor_Main  - Successfully logged out of Thor Bank
[main] 2021-07-16 13:59:55 INFO  com.bank.main.Bank_Thor_Main  - Welcome to ThorBankingApp V1.0
[main] 2021-07-16 13:59:55 INFO  com.bank.main.Bank_Thor_Main  - ==================================
[main] 2021-07-16 13:59:55 INFO  com.bank.main.Bank_Thor_Main  - 
Product Menu
[main] 2021-07-16 13:59:55 INFO  com.bank.main.Bank_Thor_Main  - 1)Create Account
[main] 2021-07-16 13:59:55 INFO  com.bank.main.Bank_Thor_Main  - 2)Login into your Account
[main] 2021-07-16 13:59:55 INFO  com.bank.main.Bank_Thor_Main  - 3)EXIT
[main] 2021-07-16 13:59:55 INFO  com.bank.main.Bank_Thor_Main  - Enter your Choice 1-3
[main] 2021-07-16 14:05:40 WARN  com.bank.daoimpl.BankDAOImpl  - org.postgresql.util.PSQLException: ERROR: duplicate key value violates unique constraint "logindetails_pk"
  Detail: Key (userid)=(apple) already exists.
[main] 2021-07-16 14:07:16 INFO  com.bank.daoimpl.BankDAOImpl  - Registration Successful
[main] 2021-07-16 14:31:31 INFO  com.bank.main.Bank_Thor_Main  - Welcome to ThorBankingApp V1.0
[main] 2021-07-16 14:31:31 INFO  com.bank.main.Bank_Thor_Main  - ==================================
[main] 2021-07-16 14:31:31 INFO  com.bank.main.Bank_Thor_Main  - 
Product Menu
[main] 2021-07-16 14:31:31 INFO  com.bank.main.Bank_Thor_Main  - 1)Create Account
[main] 2021-07-16 14:31:31 INFO  com.bank.main.Bank_Thor_Main  - 2)Login into your Account
[main] 2021-07-16 14:31:31 INFO  com.bank.main.Bank_Thor_Main  - 3)EXIT
[main] 2021-07-16 14:31:31 INFO  com.bank.main.Bank_Thor_Main  - Enter your Choice 1-3
[main] 2021-07-16 14:31:43 INFO  com.bank.main.Bank_Thor_Main  - Enter your First Name => 
[main] 2021-07-16 14:32:05 INFO  com.bank.main.Bank_Thor_Main  - Welcome to ThorBankingApp V1.0
[main] 2021-07-16 14:32:05 INFO  com.bank.main.Bank_Thor_Main  - ==================================
[main] 2021-07-16 14:32:05 INFO  com.bank.main.Bank_Thor_Main  - 
Product Menu
[main] 2021-07-16 14:32:05 INFO  com.bank.main.Bank_Thor_Main  - 1)Create Account
[main] 2021-07-16 14:32:05 INFO  com.bank.main.Bank_Thor_Main  - 2)Login into your Account
[main] 2021-07-16 14:32:05 INFO  com.bank.main.Bank_Thor_Main  - 3)EXIT
[main] 2021-07-16 14:32:05 INFO  com.bank.main.Bank_Thor_Main  - Enter your Choice 1-3
[main] 2021-07-16 14:32:09 INFO  com.bank.main.Bank_Thor_Main  - Welcome Login Portal
press 1 for Customer Login
press 2 for Employee Login
press 3 for MainMenu
press 4 to exit Application
[main] 2021-07-16 14:32:16 INFO  com.bank.main.Bank_Thor_Main  - Going to MainMenu.........
[main] 2021-07-16 14:32:16 INFO  com.bank.main.Bank_Thor_Main  - Welcome to ThorBankingApp V1.0
[main] 2021-07-16 14:32:16 INFO  com.bank.main.Bank_Thor_Main  - ==================================
[main] 2021-07-16 14:32:16 INFO  com.bank.main.Bank_Thor_Main  - 
Product Menu
[main] 2021-07-16 14:32:16 INFO  com.bank.main.Bank_Thor_Main  - 1)Create Account
[main] 2021-07-16 14:32:16 INFO  com.bank.main.Bank_Thor_Main  - 2)Login into your Account
[main] 2021-07-16 14:32:16 INFO  com.bank.main.Bank_Thor_Main  - 3)EXIT
[main] 2021-07-16 14:32:16 INFO  com.bank.main.Bank_Thor_Main  - Enter your Choice 1-3
[main] 2021-07-16 14:32:21 INFO  com.bank.main.Bank_Thor_Main  - Enter your First Name => 
[main] 2021-07-16 14:32:24 INFO  com.bank.main.Bank_Thor_Main  - Enter your Last Name => 
[main] 2021-07-16 14:32:27 INFO  com.bank.main.Bank_Thor_Main  - Enter your Email Id => 
[main] 2021-07-16 14:32:37 INFO  com.bank.main.Bank_Thor_Main  - Enter your Password => 
[main] 2021-07-16 14:32:50 INFO  com.bank.main.Bank_Thor_Main  - Enter your Mobile Number => 
[main] 2021-07-16 14:33:00 INFO  com.bank.main.Bank_Thor_Main  - Enter your user Id  => 
[main] 2021-07-16 14:33:14 WARN  com.bank.main.Bank_Thor_Main  - mobile Number Should contain only 10 digits 
[main] 2021-07-16 14:33:14 INFO  com.bank.main.Bank_Thor_Main  - Welcome to ThorBankingApp V1.0
[main] 2021-07-16 14:33:14 INFO  com.bank.main.Bank_Thor_Main  - ==================================
[main] 2021-07-16 14:33:14 INFO  com.bank.main.Bank_Thor_Main  - 
Product Menu
[main] 2021-07-16 14:33:14 INFO  com.bank.main.Bank_Thor_Main  - 1)Create Account
[main] 2021-07-16 14:33:14 INFO  com.bank.main.Bank_Thor_Main  - 2)Login into your Account
[main] 2021-07-16 14:33:14 INFO  com.bank.main.Bank_Thor_Main  - 3)EXIT
[main] 2021-07-16 14:33:14 INFO  com.bank.main.Bank_Thor_Main  - Enter your Choice 1-3
[main] 2021-07-16 14:33:24 INFO  com.bank.main.Bank_Thor_Main  - Enter your First Name => 
[main] 2021-07-16 14:33:27 INFO  com.bank.main.Bank_Thor_Main  - Enter your Last Name => 
[main] 2021-07-16 14:33:29 INFO  com.bank.main.Bank_Thor_Main  - Enter your Email Id => 
[main] 2021-07-16 14:33:34 INFO  com.bank.main.Bank_Thor_Main  - Enter your Password => 
[main] 2021-07-16 14:33:38 INFO  com.bank.main.Bank_Thor_Main  - Enter your Mobile Number => 
[main] 2021-07-16 14:33:45 INFO  com.bank.main.Bank_Thor_Main  - Enter your user Id  => 
[main] 2021-07-16 14:33:54 INFO  com.bank.daoimpl.BankDAOImpl  - Registration Successful
[main] 2021-07-16 14:33:54 INFO  com.bank.main.Bank_Thor_Main  - Successfully registered to Thor Bank
[main] 2021-07-16 14:33:54 INFO  com.bank.main.Bank_Thor_Main  - 

[main] 2021-07-16 14:33:54 INFO  com.bank.main.Bank_Thor_Main  - Customer [firstName=mohan, lastName=kumar, emailId=123@gmail.com, mobileNumber=9963286630, userId=qc, password=Mohan@123]
[main] 2021-07-16 14:33:54 INFO  com.bank.main.Bank_Thor_Main  - 

[main] 2021-07-16 14:33:54 INFO  com.bank.main.Bank_Thor_Main  - Welcome to ThorBankingApp V1.0
[main] 2021-07-16 14:33:54 INFO  com.bank.main.Bank_Thor_Main  - ==================================
[main] 2021-07-16 14:33:54 INFO  com.bank.main.Bank_Thor_Main  - 
Product Menu
[main] 2021-07-16 14:33:54 INFO  com.bank.main.Bank_Thor_Main  - 1)Create Account
[main] 2021-07-16 14:33:54 INFO  com.bank.main.Bank_Thor_Main  - 2)Login into your Account
[main] 2021-07-16 14:33:54 INFO  com.bank.main.Bank_Thor_Main  - 3)EXIT
[main] 2021-07-16 14:33:54 INFO  com.bank.main.Bank_Thor_Main  - Enter your Choice 1-3
[main] 2021-07-16 14:34:06 INFO  com.bank.main.Bank_Thor_Main  - Welcome Login Portal
press 1 for Customer Login
press 2 for Employee Login
press 3 for MainMenu
press 4 to exit Application
[main] 2021-07-16 14:34:09 INFO  com.bank.main.Bank_Thor_Main  - Enter UserId => 
[main] 2021-07-16 14:34:13 INFO  com.bank.main.Bank_Thor_Main  - Enter Password => 
[main] 2021-07-16 14:34:19 INFO  com.bank.main.Bank_Thor_Main  - 

[main] 2021-07-16 14:34:19 INFO  com.bank.main.Bank_Thor_Main  - Hello qc
[main] 2021-07-16 14:34:19 INFO  com.bank.main.Bank_Thor_Main  - Welcome to Thor Bank
[main] 2021-07-16 14:34:19 INFO  com.bank.main.Bank_Thor_Main  - You have successfully logged in
[main] 2021-07-16 14:34:19 INFO  com.bank.main.Bank_Thor_Main  - 

[main] 2021-07-16 14:34:19 INFO  com.bank.main.Bank_Thor_Main  - Select the operation you want perform
[main] 2021-07-16 14:34:19 INFO  com.bank.main.Bank_Thor_Main  - press 1 to open New Account
press 2 to Transfer
press 3 to Withdraw
press 4 to Deposit
press 5 to view statements
press 6 to Logout
[main] 2021-07-16 14:34:32 INFO  com.bank.main.Bank_Thor_Main  - Enter your Name => 
[main] 2021-07-16 14:34:36 INFO  com.bank.main.Bank_Thor_Main  - Enter your PanCard Details => 
[main] 2021-07-16 14:34:44 INFO  com.bank.main.Bank_Thor_Main  - Enter your Opening Balance Amount => 
[main] 2021-07-16 14:34:48 WARN  com.bank.main.Bank_Thor_Main  - Invalid PanCard Details
[main] 2021-07-16 14:34:48 INFO  com.bank.main.Bank_Thor_Main  - com.bank.exception.BankException: Account Not Opened
[main] 2021-07-16 14:34:48 INFO  com.bank.main.Bank_Thor_Main  - Thankyou for using Thor Banking Services
[main] 2021-07-16 14:34:48 INFO  com.bank.main.Bank_Thor_Main  - Select the operation you want perform
[main] 2021-07-16 14:34:48 INFO  com.bank.main.Bank_Thor_Main  - press 1 to open New Account
press 2 to Transfer
press 3 to Withdraw
press 4 to Deposit
press 5 to view statements
press 6 to Logout
[main] 2021-07-16 14:34:53 INFO  com.bank.main.Bank_Thor_Main  - Enter your Name => 
[main] 2021-07-16 14:34:56 INFO  com.bank.main.Bank_Thor_Main  - Enter your PanCard Details => 
[main] 2021-07-16 14:35:04 INFO  com.bank.main.Bank_Thor_Main  - Enter your Opening Balance Amount => 
[main] 2021-07-16 14:35:08 INFO  com.bank.main.Bank_Thor_Main  - Successfully registered to Thor Bank
[main] 2021-07-16 14:35:08 INFO  com.bank.main.Bank_Thor_Main  - 

[main] 2021-07-16 14:35:08 INFO  com.bank.main.Bank_Thor_Main  - Please Notedown Registered AccountNumber for Further Communication
[main] 2021-07-16 14:35:08 INFO  com.bank.main.Bank_Thor_Main  - 37024270010
[main] 2021-07-16 14:35:08 INFO  com.bank.main.Bank_Thor_Main  - Account [name=mohan, accountNumber=37024270010, panCard=ABCDE1234F, openingBalance=5000.0, userId1=qc]
[main] 2021-07-16 14:35:08 INFO  com.bank.main.Bank_Thor_Main  - 

[main] 2021-07-16 14:35:08 INFO  com.bank.main.Bank_Thor_Main  - Thankyou for using Thor Banking Services
[main] 2021-07-16 14:35:08 INFO  com.bank.main.Bank_Thor_Main  - Select the operation you want perform
[main] 2021-07-16 14:35:08 INFO  com.bank.main.Bank_Thor_Main  - press 1 to open New Account
press 2 to Transfer
press 3 to Withdraw
press 4 to Deposit
press 5 to view statements
press 6 to Logout
[main] 2021-07-16 14:35:46 INFO  com.bank.main.Bank_Thor_Main  - Enter Your 11 Digit Account Number
[main] 2021-07-16 14:36:01 INFO  com.bank.main.Bank_Thor_Main  - enter Amount to be deposited
[main] 2021-07-16 14:36:32 INFO  com.bank.main.Bank_Thor_Main  - Amount 545.0Successfully deposited into your Account Number37024270010
[main] 2021-07-16 14:36:32 INFO  com.bank.main.Bank_Thor_Main  - Transaction [accountNumber=37024270010, amount=545.0, openingBalance1=5000.0, closingBalance=5545.0, transId=30014, transType=Deposit, date=null]
[main] 2021-07-16 14:36:32 INFO  com.bank.main.Bank_Thor_Main  - Thankyou for using Thor Banking Services
[main] 2021-07-16 14:36:32 INFO  com.bank.main.Bank_Thor_Main  - 

[main] 2021-07-16 14:36:32 INFO  com.bank.main.Bank_Thor_Main  - Select the operation you want perform
[main] 2021-07-16 14:36:32 INFO  com.bank.main.Bank_Thor_Main  - press 1 to open New Account
press 2 to Transfer
press 3 to Withdraw
press 4 to Deposit
press 5 to view statements
press 6 to Logout
[main] 2021-07-16 14:36:48 INFO  com.bank.main.Bank_Thor_Main  - Enter AccountNumber to get the Statement 
[main] 2021-07-16 14:37:01 INFO  com.bank.main.Bank_Thor_Main  - Statement for the Account Number  37024270010
[main] 2021-07-16 14:37:01 INFO  com.bank.main.Bank_Thor_Main  - Transaction [accountNumber=37024270010, amount=545.0, openingBalance1=5000.0, closingBalance=5545.0, transId=30014, transType=Deposit, date=2021-07-16]
[main] 2021-07-16 14:37:01 INFO  com.bank.main.Bank_Thor_Main  - Thankyou for using Thor Banking Services
[main] 2021-07-16 14:37:01 INFO  com.bank.main.Bank_Thor_Main  - Select the operation you want perform
[main] 2021-07-16 14:37:01 INFO  com.bank.main.Bank_Thor_Main  - press 1 to open New Account
press 2 to Transfer
press 3 to Withdraw
press 4 to Deposit
press 5 to view statements
press 6 to Logout
[main] 2021-07-16 14:37:38 INFO  com.bank.main.Bank_Thor_Main  - Enter Your 11 Digit Account Number
[main] 2021-07-16 14:37:48 INFO  com.bank.main.Bank_Thor_Main  - enter Amount to be withdrwn
[main] 2021-07-16 14:37:53 WARN  com.bank.main.Bank_Thor_Main  - You dont have sufficient Amount in Your Account
[main] 2021-07-16 14:37:53 INFO  com.bank.main.Bank_Thor_Main  - Thankyou for using Thor Banking Services
[main] 2021-07-16 14:37:53 INFO  com.bank.main.Bank_Thor_Main  - 

[main] 2021-07-16 14:37:53 INFO  com.bank.main.Bank_Thor_Main  - Select the operation you want perform
[main] 2021-07-16 14:37:53 INFO  com.bank.main.Bank_Thor_Main  - press 1 to open New Account
press 2 to Transfer
press 3 to Withdraw
press 4 to Deposit
press 5 to view statements
press 6 to Logout
[main] 2021-07-16 14:38:21 INFO  com.bank.main.Bank_Thor_Main  - Thank you for using Thor Banking Services.  Goodbye....!
[main] 2021-07-16 14:38:21 INFO  com.bank.main.Bank_Thor_Main  - May Thor be With You :)
[main] 2021-07-16 14:38:21 INFO  com.bank.main.Bank_Thor_Main  - Successfully logged out of Thor Bank
[main] 2021-07-16 14:38:28 INFO  com.bank.main.Bank_Thor_Main  - Welcome to ThorBankingApp V1.0
[main] 2021-07-16 14:38:28 INFO  com.bank.main.Bank_Thor_Main  - ==================================
[main] 2021-07-16 14:38:28 INFO  com.bank.main.Bank_Thor_Main  - 
Product Menu
[main] 2021-07-16 14:38:28 INFO  com.bank.main.Bank_Thor_Main  - 1)Create Account
[main] 2021-07-16 14:38:28 INFO  com.bank.main.Bank_Thor_Main  - 2)Login into your Account
[main] 2021-07-16 14:38:28 INFO  com.bank.main.Bank_Thor_Main  - 3)EXIT
[main] 2021-07-16 14:38:28 INFO  com.bank.main.Bank_Thor_Main  - Enter your Choice 1-3
[main] 2021-07-16 14:38:31 INFO  com.bank.main.Bank_Thor_Main  - Welcome Login Portal
press 1 for Customer Login
press 2 for Employee Login
press 3 for MainMenu
press 4 to exit Application
[main] 2021-07-16 14:38:45 INFO  com.bank.main.Bank_Thor_Main  - Enter EployeeId => 
[main] 2021-07-16 14:39:04 INFO  com.bank.main.Bank_Thor_Main  - Enter Password => 
[main] 2021-07-16 14:39:12 INFO  com.bank.main.Bank_Thor_Main  - 

[main] 2021-07-16 14:39:12 INFO  com.bank.main.Bank_Thor_Main  - Hello mohan_2575
[main] 2021-07-16 14:39:12 INFO  com.bank.main.Bank_Thor_Main  - Welcome to Thor Bank
[main] 2021-07-16 14:39:12 INFO  com.bank.main.Bank_Thor_Main  - You have successfully logged in 
[main] 2021-07-16 14:39:12 INFO  com.bank.main.Bank_Thor_Main  - entered employee login portal
[main] 2021-07-16 14:39:12 INFO  com.bank.main.Bank_Thor_Main  - 1)To View All the Accounts
[main] 2021-07-16 14:39:12 INFO  com.bank.main.Bank_Thor_Main  - 2)To Approve Account
[main] 2021-07-16 14:39:12 INFO  com.bank.main.Bank_Thor_Main  - 3)To View Registered Customers
[main] 2021-07-16 14:39:12 INFO  com.bank.main.Bank_Thor_Main  - 4)LogOut
[main] 2021-07-16 14:39:34 INFO  com.bank.main.Bank_Thor_Main  - Account [name=mohan, accountNumber=1, panCard=pan, openingBalance=500.0, userId1=8977]
[main] 2021-07-16 14:39:34 INFO  com.bank.main.Bank_Thor_Main  - Account [name=jai, accountNumber=438475648938, panCard=BIEAP4326F, openingBalance=1500.0, userId1=8977]
[main] 2021-07-16 14:39:34 INFO  com.bank.main.Bank_Thor_Main  - Account [name=krishna, accountNumber=37024270001, panCard=ADCBE8888G, openingBalance=10000.0, userId1=mgkk]
[main] 2021-07-16 14:39:34 INFO  com.bank.main.Bank_Thor_Main  - Account [name=sai, accountNumber=37024270000, panCard=hdfhdf, openingBalance=5500.0, userId1=28368987]
[main] 2021-07-16 14:39:34 INFO  com.bank.main.Bank_Thor_Main  - Account [name=aap, accountNumber=37024270004, panCard=AAPLE8888A, openingBalance=1290.0, userId1=apple]
[main] 2021-07-16 14:39:34 INFO  com.bank.main.Bank_Thor_Main  - Account [name=aap, accountNumber=37024270003, panCard=AAPLE9999A, openingBalance=10700.0, userId1=apple]
[main] 2021-07-16 14:39:34 INFO  com.bank.main.Bank_Thor_Main  - Account [name=apple, accountNumber=37024270002, panCard=APPLE9999A, openingBalance=0.0, userId1=apple]
[main] 2021-07-16 14:39:34 INFO  com.bank.main.Bank_Thor_Main  - Account [name=1, accountNumber=123, panCard=BGEPT4326F, openingBalance=123.0, userId1=8977]
[main] 2021-07-16 14:39:34 INFO  com.bank.main.Bank_Thor_Main  - Account [name=mohan, accountNumber=37024270005, panCard=APPLE9999E, openingBalance=3456.0, userId1=apple]
[main] 2021-07-16 14:39:34 INFO  com.bank.main.Bank_Thor_Main  - Account [name=mohan, accountNumber=37024270006, panCard=APPLE9999E, openingBalance=3456.0, userId1=apple]
[main] 2021-07-16 14:39:34 INFO  com.bank.main.Bank_Thor_Main  - Account [name=mohan, accountNumber=37024270007, panCard=APPLE9999E, openingBalance=3456.0, userId1=apple]
[main] 2021-07-16 14:39:34 INFO  com.bank.main.Bank_Thor_Main  - Account [name=mohan, accountNumber=37024270008, panCard=APPLE9999E, openingBalance=3456.0, userId1=apple]
[main] 2021-07-16 14:39:34 INFO  com.bank.main.Bank_Thor_Main  - Account [name=mohan, accountNumber=37024270009, panCard=APPLE9999E, openingBalance=3456.0, userId1=apple]
[main] 2021-07-16 14:39:34 INFO  com.bank.main.Bank_Thor_Main  - Account [name=mohan, accountNumber=37024270010, panCard=ABCDE1234F, openingBalance=5545.0, userId1=qc]
[main] 2021-07-16 14:39:34 INFO  com.bank.main.Bank_Thor_Main  - 

[main] 2021-07-16 14:39:34 INFO  com.bank.main.Bank_Thor_Main  - Thankyou for using Thor Banking Services
[main] 2021-07-16 14:39:34 INFO  com.bank.main.Bank_Thor_Main  - 

[main] 2021-07-16 14:39:34 INFO  com.bank.main.Bank_Thor_Main  - 1)To View All the Accounts
[main] 2021-07-16 14:39:34 INFO  com.bank.main.Bank_Thor_Main  - 2)To Approve Account
[main] 2021-07-16 14:39:34 INFO  com.bank.main.Bank_Thor_Main  - 3)To View Registered Customers
[main] 2021-07-16 14:39:34 INFO  com.bank.main.Bank_Thor_Main  - 4)LogOut
[main] 2021-07-16 14:39:48 INFO  com.bank.main.Bank_Thor_Main  - Thank you for using Thor Banking Services.  Goodbye....!
[main] 2021-07-16 14:39:48 INFO  com.bank.main.Bank_Thor_Main  - May Thor be With You :)
[main] 2021-07-16 14:39:48 INFO  com.bank.main.Bank_Thor_Main  - Successfully logged out of Thor Bank
