[INFO] - {com.bank.LoginPage.MainMenu} entered mainmenu  2021-07-11 15:08:53,146{MMM-dd-yy [INFO] - {com.bank.LoginPage.MainMenu} entered mainmenu  2021-07-11 15:09:12,808{MMM-dd-yy [INFO] - {com.bank.LoginPage.MainMenu} entered mainmenu  Jul-11-21
 [INFO] - {com.bank.LoginPage.MainMenu} entered mainmenu  Jul-11-21
 [INFO] - {com.bank.LoginPage.MainMenu} entered mainmenu  Jul-11-21
 [INFO] - {com.bank.LoginPage.MainMenu} entered mainmenu  Jul-11-21
 [INFO] - {com.bank.LoginPage.MainMenu} entered mainmenu  Jul-11-21
 [INFO] - {com.bank.LoginPage.MainMenu} entered mainmenu  Jul-11-21
 [INFO] - {com.bank.LoginPage.MainMenu} entered mainmenu  Jul-11-21
 [INFO] - {com.bank.LoginPage.MainMenu} entered mainmenu  Jul-11-21  15:26:41
 [INFO] - {com.bank.LoginPage.MainMenu} entered mainmenu  Jul-11-21
 [INFO] - {com.bank.LoginPage.MainMenu} entered mainmenu  Jul-11-21
 [INFO] - {com.bank.LoginPage.MainMenu} entered mainmenu  Jul-11-21
 [INFO] - {com.bank.LoginPage.MainMenu} entered mainmenu  Jul-11-21  15:31:53
 [INFO] - {com.bank.LoginPage.MainMenu} entered mainmenu  Jul-11-21  15:32:01
 [INFO] - {com.bank.LoginPage.MainMenu} entered mainmenu  Jul-11-21  15:32:08
 [INFO] - {com.bank.LoginPage.MainMenu} entered mainmenu  Jul-11-21  15:32:38
 [INFO] - {com.bank.LoginPage.MainMenu} new account created 1  Jul-11-21  15:32:43
 [INFO] - {com.bank.LoginPage.MainMenu} entered mainmenu  Jul-11-21  15:33:04
 [INFO] - {com.bank.LoginPage.MainMenu} entered mainmenu  Jul-11-21  15:35:57
 [INFO] - {com.bank.LoginPage.MainMenu} new account created 2345  Jul-11-21  15:36:18
 [INFO] - {com.bank.LoginPage.MainMenu} entered mainmenu  Jul-11-21  15:36:20
 [INFO] - {com.bank.LoginPage.MainMenu} entered mainmenu  Jul-11-21  15:38:16
 [INFO] - {com.bank.LoginPage.MainMenu} new account created 1  Jul-11-21  15:38:24
 [INFO] - {com.bank.LoginPage.MainMenu} entered mainmenu  Jul-11-21  15:38:26
 [WARN] - {com.bank.LoginPage.MainMenu} invalid userid or password entered  Jul-11-21  15:38:35
 [INFO] - {com.bank.LoginPage.MainMenu} entered mainmenu  Jul-11-21  15:40:29
 [INFO] - {com.bank.LoginPage.MainMenu} new account created 1  Jul-11-21  15:40:33
 [INFO] - {com.bank.LoginPage.MainMenu} entered mainmenu  Jul-11-21  15:40:35
 [INFO] - {com.bank.LoginPage.MainMenu} entered MainMenu  Jul-11-21  15:41:29
 [INFO] - {com.bank.LoginPage.MainMenu} entered mainmenu  Jul-11-21  15:41:38
 [INFO] - {com.bank.LoginPage.MainMenu} entered MainMenu  Jul-11-21  15:41:49
 [INFO] - {com.bank.LoginPage.MainMenu} new account created 1  Jul-11-21  15:41:56
 [INFO] - {com.bank.LoginPage.MainMenu} entered MainMenu  Jul-11-21  15:41:56
 [INFO] - {com.bank.LoginPage.MainMenu} customer logged into app1  Jul-11-21  15:42:04
 [INFO] - {com.bank.LoginPage.MainMenu} entered MainMenu  Jul-11-21  15:42:09
 [WARN] - {com.bank.LoginPage.MainMenu} invalid userid or password entered  Jul-11-21  15:42:15
 [INFO] - {com.bank.LoginPage.MainMenu} entered MainMenu  Jul-11-21  17:04:35
 [INFO] - {com.bank.LoginPage.MainMenu} new account created 1  Jul-11-21  17:04:53
 [INFO] - {com.bank.LoginPage.MainMenu} entered MainMenu  Jul-11-21  17:04:53
 [INFO] - {com.bank.LoginPage.MainMenu} customer logged into account1  Jul-11-21  17:05:47
 [INFO] - {com.bank.LoginPage.MainMenu} entered MainMenu  Jul-11-21  17:06:08
 [INFO] - {com.bank.LoginPage.MainMenu} customer logged into account28368987  Jul-11-21  17:06:24
 